Arguments: 
  /usr/local/bin/node /usr/local/Cellar/yarn/1.15.2/libexec/bin/yarn.js install

PATH: 
  /anaconda3/bin:/anaconda3/condabin:/Library/TeX/Distributions/.DefaultTeX/Contents/Programs/texbin:/usr/local/opt/openssl/bin:/usr/local/opt/sqlite/bin:/usr/local/opt/gettext/bin:/usr/local/opt/mysql@5.7/bin:/usr/local/bin:/usr/bin:/bin:/usr/sbin:/sbin:/usr/local/go/bin:/Library/TeX/texbin:/Users/lyd/bin

Yarn version: 
  1.15.2

Node version: 
  10.15.0

Platform: 
  darwin x64

Trace: 
  Error: EACCES: permission denied, mkdir '/Users/lyd/Downloads/Source Code Repository/Website Backup (Staging 1.7.18)/functions/node_modules/@google-cloud/common/node_modules'

npm manifest: 
  {
    "name": "functions",
    "description": "Cloud Functions for Firebase",
    "scripts": {
      "serve": "firebase serve --only functions",
      "shell": "firebase experimental:functions:shell",
      "start": "npm run shell",
      "deploy": "firebase deploy --only functions",
      "logs": "firebase functions:log"
    },
    "dependencies": {
      "firebase-admin": "~5.5.1",
      "firebase-functions": "~0.7.3",
      "nodemailer": "^4.4.1"
    },
    "private": true
  }

yarn manifest: 
  No manifest

Lockfile: 
  No lockfile
